[2025-10-19 00:04:12] Карта: awp_india
  Уникальных игроков: 22
  Всего подключений: 36
  Отключений: 14
  Средний онлайн: 21 игроков
  Среднее время игры: 9 мин
----------------------------------------
[2025-10-19 00:14:23] Карта: fy_snow
  Уникальных игроков: 27
  Всего подключений: 35
  Отключений: 9
  Средний онлайн: 22 игроков
  Среднее время игры: 9 мин
----------------------------------------
[2025-10-19 00:26:52] Карта: $2000$
  Уникальных игроков: 25
  Всего подключений: 42
  Отключений: 21
  Средний онлайн: 21 игроков
  Среднее время игры: 10 мин
----------------------------------------
[2025-10-19 00:35:23] Карта: fy_pool_day
  Уникальных игроков: 26
  Всего подключений: 46
  Отключений: 26
  Средний онлайн: 19 игроков
  Среднее время игры: 6 мин
----------------------------------------
[2025-10-19 00:46:07] Карта: de_dust2
  Уникальных игроков: 0
  Всего подключений: 0
  Отключений: 0
  Средний онлайн: 0 игроков
  Среднее время игры: 0 мин
----------------------------------------
[2025-10-19 01:01:52] Карта: fy_pool_day
  Уникальных игроков: 12
  Всего подключений: 30
  Отключений: 16
  Средний онлайн: 7 игроков
  Среднее время игры: 12 мин
----------------------------------------
[2025-10-19 01:17:27] Карта: $2000$
  Уникальных игроков: 16
  Всего подключений: 29
  Отключений: 11
  Средний онлайн: 12 игроков
  Среднее время игры: 13 мин
----------------------------------------
[2025-10-19 01:27:27] Карта: fy_pool_day
  Уникальных игроков: 17
  Всего подключений: 31
  Отключений: 19
  Средний онлайн: 12 игроков
  Среднее время игры: 7 мин
----------------------------------------
[2025-10-19 01:39:18] Карта: fy_snow
  Уникальных игроков: 20
  Всего подключений: 32
  Отключений: 14
  Средний онлайн: 12 игроков
  Среднее время игры: 9 мин
----------------------------------------
[2025-10-19 01:51:32] Карта: awp_india
  Уникальных игроков: 22
  Всего подключений: 32
  Отключений: 10
  Средний онлайн: 18 игроков
  Среднее время игры: 11 мин
----------------------------------------
[2025-10-19 01:59:28] Карта: fy_pool_day
  Уникальных игроков: 24
  Всего подключений: 50
  Отключений: 29
  Средний онлайн: 19 игроков
  Среднее время игры: 7 мин
----------------------------------------
[2025-10-19 02:10:54] Карта: fy_snow
  Уникальных игроков: 18
  Всего подключений: 27
  Отключений: 11
  Средний онлайн: 15 игроков
  Среднее время игры: 9 мин
----------------------------------------
[2025-10-19 02:21:03] Карта: fy_pool_day
  Уникальных игроков: 20
  Всего подключений: 34
  Отключений: 16
  Средний онлайн: 15 игроков
  Среднее время игры: 8 мин
----------------------------------------
[2025-10-19 02:33:47] Карта: awp_india
  Уникальных игроков: 21
  Всего подключений: 35
  Отключений: 13
  Средний онлайн: 18 игроков
  Среднее время игры: 11 мин
----------------------------------------
[2025-10-19 02:45:00] Карта: fy_pool_day
  Уникальных игроков: 23
  Всего подключений: 36
  Отключений: 18
  Средний онлайн: 17 игроков
  Среднее время игры: 9 мин
----------------------------------------
[2025-10-19 02:58:07] Карта: fy_snow
  Уникальных игроков: 20
  Всего подключений: 26
  Отключений: 11
  Средний онлайн: 13 игроков
  Среднее время игры: 10 мин
----------------------------------------
[2025-10-19 03:10:05] Карта: $2000$
  Уникальных игроков: 23
  Всего подключений: 47
  Отключений: 26
  Средний онлайн: 15 игроков
  Среднее время игры: 10 мин
----------------------------------------
[2025-10-19 03:20:48] Карта: $3000$
  Уникальных игроков: 19
  Всего подключений: 40
  Отключений: 22
  Средний онлайн: 16 игроков
  Среднее время игры: 9 мин
----------------------------------------
[2025-10-19 03:33:17] Карта: awp_india
  Уникальных игроков: 23
  Всего подключений: 37
  Отключений: 16
  Средний онлайн: 17 игроков
  Среднее время игры: 10 мин
----------------------------------------
[2025-10-19 03:49:20] Карта: $3000$
  Уникальных игроков: 18
  Всего подключений: 30
  Отключений: 19
  Средний онлайн: 11 игроков
  Среднее время игры: 9 мин
----------------------------------------
[2025-10-19 04:10:39] Карта: fy_snow
  Уникальных игроков: 16
  Всего подключений: 31
  Отключений: 22
  Средний онлайн: 7 игроков
  Среднее время игры: 10 мин
----------------------------------------
[2025-10-19 05:31:28] Карта: de_dust2
  Уникальных игроков: 0
  Всего подключений: 0
  Отключений: 0
  Средний онлайн: 0 игроков
  Среднее время игры: 0 мин
----------------------------------------
[2025-10-19 05:32:29] Карта: fy_pool_day
  Уникальных игроков: 1
  Всего подключений: 6
  Отключений: 6
  Средний онлайн: 6 игроков
  Среднее время игры: 0 мин
----------------------------------------
[2025-10-19 07:25:08] Карта: $2000$
  Уникальных игроков: 17
  Всего подключений: 58
  Отключений: 14
  Средний онлайн: 6 игроков
  Среднее время игры: 85 мин
----------------------------------------
[2025-10-19 07:34:02] Карта: fy_pool_day
  Уникальных игроков: 6
  Всего подключений: 19
  Отключений: 12
  Средний онлайн: 6 игроков
  Среднее время игры: 8 мин
----------------------------------------
[2025-10-19 07:45:31] Карта: $2000$
  Уникальных игроков: 13
  Всего подключений: 24
  Отключений: 11
  Средний онлайн: 6 игроков
  Среднее время игры: 7 мин
----------------------------------------
[2025-10-19 07:46:08] Карта: $3000$
  Уникальных игроков: 9
  Всего подключений: 21
  Отключений: 21
  Средний онлайн: 0 игроков
  Среднее время игры: 0 мин
----------------------------------------
[2025-10-19 07:46:49] Карта: fy_brick
  Уникальных игроков: 8
  Всего подключений: 11
  Отключений: 11
  Средний онлайн: 0 игроков
  Среднее время игры: 0 мин
----------------------------------------
[2025-10-19 07:58:06] Карта: fy_pool_day
  Уникальных игроков: 11
  Всего подключений: 23
  Отключений: 12
  Средний онлайн: 10 игроков
  Среднее время игры: 10 мин
----------------------------------------
[2025-10-19 08:07:44] Карта: fy_snow
  Уникальных игроков: 12
  Всего подключений: 20
  Отключений: 7
  Средний онлайн: 9 игроков
  Среднее время игры: 6 мин
----------------------------------------
[2025-10-19 08:16:25] Карта: fy_pool_day
  Уникальных игроков: 15
  Всего подключений: 26
  Отключений: 13
  Средний онлайн: 12 игроков
  Среднее время игры: 7 мин
----------------------------------------
[2025-10-19 08:25:58] Карта: fy_snow
  Уникальных игроков: 12
  Всего подключений: 21
  Отключений: 13
  Средний онлайн: 7 игроков
  Среднее время игры: 5 мин
----------------------------------------
[2025-10-19 08:40:56] Карта: awp_india
  Уникальных игроков: 8
  Всего подключений: 13
  Отключений: 13
  Средний онлайн: 4 игроков
  Среднее время игры: 9 мин
----------------------------------------
[2025-10-19 08:56:03] Карта: fy_pool_day
  Уникальных игроков: 12
  Всего подключений: 24
  Отключений: 12
  Средний онлайн: 7 игроков
  Среднее время игры: 10 мин
----------------------------------------
[2025-10-19 09:09:59] Карта: gg_dich2
  Уникальных игроков: 11
  Всего подключений: 20
  Отключений: 10
  Средний онлайн: 5 игроков
  Среднее время игры: 9 мин
----------------------------------------
[2025-10-19 09:21:30] Карта: fy_brick
  Уникальных игроков: 10
  Всего подключений: 14
  Отключений: 6
  Средний онлайн: 6 игроков
  Среднее время игры: 7 мин
----------------------------------------
[2025-10-19 09:35:39] Карта: fy_pool_day
  Уникальных игроков: 17
  Всего подключений: 33
  Отключений: 21
  Средний онлайн: 9 игроков
  Среднее время игры: 12 мин
----------------------------------------
[2025-10-19 09:43:07] Карта: gg_os_arena
  Уникальных игроков: 14
  Всего подключений: 25
  Отключений: 14
  Средний онлайн: 9 игроков
  Среднее время игры: 5 мин
----------------------------------------
[2025-10-19 09:47:45] Карта: $2000$
  Уникальных игроков: 8
  Всего подключений: 17
  Отключений: 17
  Средний онлайн: 7 игроков
  Среднее время игры: 2 мин
----------------------------------------
[2025-10-19 10:01:25] Карта: gg_mini_snow_fight
  Уникальных игроков: 8
  Всего подключений: 13
  Отключений: 6
  Средний онлайн: 7 игроков
  Среднее время игры: 10 мин
----------------------------------------
[2025-10-19 10:15:02] Карта: fy_snow
  Уникальных игроков: 14
  Всего подключений: 28
  Отключений: 19
  Средний онлайн: 7 игроков
  Среднее время игры: 8 мин
----------------------------------------
[2025-10-19 10:25:14] Карта: gg_dich2
  Уникальных игроков: 11
  Всего подключений: 18
  Отключений: 7
  Средний онлайн: 8 игроков
  Среднее время игры: 7 мин
----------------------------------------
[2025-10-19 10:37:21] Карта: fy_brick
  Уникальных игроков: 18
  Всего подключений: 27
  Отключений: 15
  Средний онлайн: 9 игроков
  Среднее время игры: 9 мин
----------------------------------------
[2025-10-19 10:51:51] Карта: fy_snow
  Уникальных игроков: 19
  Всего подключений: 25
  Отключений: 15
  Средний онлайн: 10 игроков
  Среднее время игры: 11 мин
----------------------------------------
[2025-10-19 11:08:32] Карта: $3000$
  Уникальных игроков: 20
  Всего подключений: 45
  Отключений: 31
  Средний онлайн: 11 игроков
  Среднее время игры: 13 мин
----------------------------------------
[2025-10-19 11:21:30] Карта: gg_aztecplace
  Уникальных игроков: 16
  Всего подключений: 34
  Отключений: 18
  Средний онлайн: 10 игроков
  Среднее время игры: 9 мин
----------------------------------------
[2025-10-19 11:36:58] Карта: awp_india
  Уникальных игроков: 20
  Всего подключений: 32
  Отключений: 18
  Средний онлайн: 12 игроков
  Среднее время игры: 13 мин
----------------------------------------
[2025-10-19 11:50:47] Карта: fy_pool_day
  Уникальных игроков: 27
  Всего подключений: 55
  Отключений: 36
  Средний онлайн: 14 игроков
  Среднее время игры: 10 мин
----------------------------------------
[2025-10-19 12:03:37] Карта: fy_brick
  Уникальных игроков: 20
  Всего подключений: 34
  Отключений: 16
  Средний онлайн: 14 игроков
  Среднее время игры: 9 мин
----------------------------------------
[2025-10-19 12:18:17] Карта: gg_killhouse
  Уникальных игроков: 24
  Всего подключений: 60
  Отключений: 44
  Средний онлайн: 14 игроков
  Среднее время игры: 11 мин
----------------------------------------
[2025-10-19 12:29:59] Карта: gg_aztecplace
  Уникальных игроков: 22
  Всего подключений: 48
  Отключений: 31
  Средний онлайн: 12 игроков
  Среднее время игры: 8 мин
----------------------------------------
[2025-10-19 12:42:28] Карта: gg_grimm
  Уникальных игроков: 27
  Всего подключений: 46
  Отключений: 23
  Средний онлайн: 18 игроков
  Среднее время игры: 11 мин
----------------------------------------
[2025-10-19 12:50:58] Карта: fy_pool_day
  Уникальных игроков: 28
  Всего подключений: 50
  Отключений: 27
  Средний онлайн: 19 игроков
  Среднее время игры: 7 мин
----------------------------------------
[2025-10-19 13:03:17] Карта: $3000$
  Уникальных игроков: 31
  Всего подключений: 64
  Отключений: 39
  Средний онлайн: 18 игроков
  Среднее время игры: 9 мин
----------------------------------------
[2025-10-19 13:15:59] Карта: gg_aztecplace
  Уникальных игроков: 29
  Всего подключений: 52
  Отключений: 25
  Средний онлайн: 21 игроков
  Среднее время игры: 11 мин
----------------------------------------
[2025-10-19 13:25:45] Карта: gg_zenith
  Уникальных игроков: 30
  Всего подключений: 54
  Отключений: 32
  Средний онлайн: 21 игроков
  Среднее время игры: 8 мин
----------------------------------------
[2025-10-19 13:39:58] Карта: gg_dust
  Уникальных игроков: 26
  Всего подключений: 40
  Отключений: 26
  Средний онлайн: 14 игроков
  Среднее время игры: 10 мин
----------------------------------------
[2025-10-19 13:51:18] Карта: gg_freak
  Уникальных игроков: 20
  Всего подключений: 32
  Отключений: 11
  Средний онлайн: 14 игроков
  Среднее время игры: 8 мин
----------------------------------------
[2025-10-19 14:04:58] Карта: gg_nane
  Уникальных игроков: 26
  Всего подключений: 38
  Отключений: 17
  Средний онлайн: 17 игроков
  Среднее время игры: 12 мин
----------------------------------------
[2025-10-19 14:16:53] Карта: gg_zenith
  Уникальных игроков: 26
  Всего подключений: 32
  Отключений: 11
  Средний онлайн: 17 игроков
  Среднее время игры: 9 мин
----------------------------------------
[2025-10-19 14:35:37] Карта: gg_js_inf
  Уникальных игроков: 27
  Всего подключений: 47
  Отключений: 25
  Средний онлайн: 16 игроков
  Среднее время игры: 15 мин
----------------------------------------
[2025-10-19 14:48:56] Карта: awp_india
  Уникальных игроков: 33
  Всего подключений: 47
  Отключений: 24
  Средний онлайн: 19 игроков
  Среднее время игры: 11 мин
----------------------------------------
[2025-10-19 14:58:31] Карта: gg_freak
  Уникальных игроков: 24
  Всего подключений: 41
  Отключений: 26
  Средний онлайн: 15 игроков
  Среднее время игры: 7 мин
----------------------------------------
[2025-10-19 15:09:12] Карта: fy_pool_day
  Уникальных игроков: 21
  Всего подключений: 39
  Отключений: 16
  Средний онлайн: 17 игроков
  Среднее время игры: 8 мин
----------------------------------------
[2025-10-19 15:20:30] Карта: fy_snow
  Уникальных игроков: 30
  Всего подключений: 40
  Отключений: 17
  Средний онлайн: 20 игроков
  Среднее время игры: 9 мин
----------------------------------------
[2025-10-19 15:32:33] Карта: gg_csmov_arena
  Уникальных игроков: 27
  Всего подключений: 56
  Отключений: 34
  Средний онлайн: 21 игроков
  Среднее время игры: 10 мин
----------------------------------------
[2025-10-19 15:42:37] Карта: gg_blue_magic
  Уникальных игроков: 24
  Всего подключений: 36
  Отключений: 21
  Средний онлайн: 16 игроков
  Среднее время игры: 7 мин
----------------------------------------
[2025-10-19 15:51:26] Карта: fy_brick
  Уникальных игроков: 18
  Всего подключений: 25
  Отключений: 12
  Средний онлайн: 13 игроков
  Среднее время игры: 7 мин
----------------------------------------
[2025-10-19 16:02:57] Карта: gg_freak
  Уникальных игроков: 18
  Всего подключений: 30
  Отключений: 15
  Средний онлайн: 13 игроков
  Среднее время игры: 10 мин
----------------------------------------
[2025-10-19 16:16:33] Карта: awp_india
  Уникальных игроков: 25
  Всего подключений: 33
  Отключений: 16
  Средний онлайн: 12 игроков
  Среднее время игры: 10 мин
----------------------------------------
[2025-10-19 16:27:14] Карта: $2000$
  Уникальных игроков: 28
  Всего подключений: 51
  Отключений: 28
  Средний онлайн: 15 игроков
  Среднее время игры: 8 мин
----------------------------------------
[2025-10-19 16:33:10] Карта: fy_sonic
  Уникальных игроков: 25
  Всего подключений: 42
  Отключений: 23
  Средний онлайн: 18 игроков
  Среднее время игры: 5 мин
----------------------------------------
[2025-10-19 16:44:57] Карта: de_dust2
  Уникальных игроков: 0
  Всего подключений: 0
  Отключений: 0
  Средний онлайн: 0 игроков
  Среднее время игры: 0 мин
----------------------------------------
[2025-10-19 16:51:02] Карта: fy_pool_day
  Уникальных игроков: 17
  Всего подключений: 49
  Отключений: 33
  Средний онлайн: 9 игроков
  Среднее время игры: 4 мин
----------------------------------------
[2025-10-19 16:58:15] Карта: gg_os_arena
  Уникальных игроков: 19
  Всего подключений: 33
  Отключений: 18
  Средний онлайн: 10 игроков
  Среднее время игры: 5 мин
----------------------------------------
[2025-10-19 17:07:16] Карта: $2000$
  Уникальных игроков: 20
  Всего подключений: 39
  Отключений: 24
  Средний онлайн: 13 игроков
  Среднее время игры: 7 мин
----------------------------------------
[2025-10-19 17:18:38] Карта: fy_brick
  Уникальных игроков: 20
  Всего подключений: 30
  Отключений: 17
  Средний онлайн: 14 игроков
  Среднее время игры: 9 мин
----------------------------------------
[2025-10-19 17:30:55] Карта: $2000$
  Уникальных игроков: 22
  Всего подключений: 35
  Отключений: 20
  Средний онлайн: 12 игроков
  Среднее время игры: 9 мин
----------------------------------------
[2025-10-19 17:31:33] Карта: gg_os_arena
  Уникальных игроков: 13
  Всего подключений: 20
  Отключений: 20
  Средний онлайн: 0 игроков
  Среднее время игры: 0 мин
----------------------------------------
[2025-10-19 17:43:08] Карта: fy_snow
  Уникальных игроков: 19
  Всего подключений: 30
  Отключений: 12
  Средний онлайн: 13 игроков
  Среднее время игры: 8 мин
----------------------------------------
[2025-10-19 17:52:50] Карта: gg_grimm
  Уникальных игроков: 30
  Всего подключений: 53
  Отключений: 30
  Средний онлайн: 13 игроков
  Среднее время игры: 7 мин
----------------------------------------
[2025-10-19 18:02:33] Карта: fy_sonic
  Уникальных игроков: 23
  Всего подключений: 40
  Отключений: 18
  Средний онлайн: 17 игроков
  Среднее время игры: 7 мин
----------------------------------------
[2025-10-19 18:14:05] Карта: gg_mini_dust2
  Уникальных игроков: 39
  Всего подключений: 62
  Отключений: 34
  Средний онлайн: 19 игроков
  Среднее время игры: 8 мин
----------------------------------------
[2025-10-19 18:24:07] Карта: gg_blue_magic
  Уникальных игроков: 39
  Всего подключений: 59
  Отключений: 29
  Средний онлайн: 24 игроков
  Среднее время игры: 8 мин
----------------------------------------
[2025-10-19 18:34:39] Карта: fy_dubstep
  Уникальных игроков: 35
  Всего подключений: 59
  Отключений: 32
  Средний онлайн: 25 игроков
  Среднее время игры: 9 мин
----------------------------------------
[2025-10-19 18:45:37] Карта: gg_mini_dust2_winter
  Уникальных игроков: 39
  Всего подключений: 82
  Отключений: 48
  Средний онлайн: 27 игроков
  Среднее время игры: 9 мин
----------------------------------------
[2025-10-19 19:02:39] Карта: fy_irak
  Уникальных игроков: 44
  Всего подключений: 120
  Отключений: 98
  Средний онлайн: 12 игроков
  Среднее время игры: 7 мин
----------------------------------------
[2025-10-19 19:11:53] Карта: gg_dusty_low
  Уникальных игроков: 25
  Всего подключений: 38
  Отключений: 17
  Средний онлайн: 16 игроков
  Среднее время игры: 6 мин
----------------------------------------
[2025-10-19 19:24:11] Карта: $3000$
  Уникальных игроков: 36
  Всего подключений: 80
  Отключений: 42
  Средний онлайн: 23 игроков
  Среднее время игры: 9 мин
----------------------------------------
[2025-10-19 19:38:55] Карта: gg_shipment
  Уникальных игроков: 42
  Всего подключений: 91
  Отключений: 54
  Средний онлайн: 26 игроков
  Среднее время игры: 12 мин
----------------------------------------
[2025-10-19 19:52:55] Карта: gg_csmov_arena
  Уникальных игроков: 43
  Всего подключений: 98
  Отключений: 68
  Средний онлайн: 25 игроков
  Среднее время игры: 12 мин
----------------------------------------
[2025-10-19 20:07:52] Карта: gg_assault_cs16
  Уникальных игроков: 42
  Всего подключений: 72
  Отключений: 39
  Средний онлайн: 25 игроков
  Среднее время игры: 12 мин
----------------------------------------
[2025-10-19 20:20:33] Карта: gg_dusty_fg_extended
  Уникальных игроков: 37
  Всего подключений: 76
  Отключений: 47
  Средний онлайн: 27 игроков
  Среднее время игры: 11 мин
----------------------------------------
[2025-10-19 20:31:53] Карта: gg_camper
  Уникальных игроков: 40
  Всего подключений: 90
  Отключений: 64
  Средний онлайн: 22 игроков
  Среднее время игры: 9 мин
----------------------------------------
[2025-10-19 20:41:08] Карта: gg_zenith
  Уникальных игроков: 32
  Всего подключений: 49
  Отключений: 16
  Средний онлайн: 27 игроков
  Среднее время игры: 8 мин
----------------------------------------
[2025-10-19 20:57:15] Карта: gg_onestrike
  Уникальных игроков: 41
  Всего подключений: 79
  Отключений: 50
  Средний онлайн: 25 игроков
  Среднее время игры: 13 мин
----------------------------------------
[2025-10-19 21:09:46] Карта: gg_dusty_fg_extended
  Уникальных игроков: 38
  Всего подключений: 68
  Отключений: 35
  Средний онлайн: 25 игроков
  Среднее время игры: 10 мин
----------------------------------------
[2025-10-19 21:23:11] Карта: gg_tr_mp5_s
  Уникальных игроков: 47
  Всего подключений: 101
  Отключений: 70
  Средний онлайн: 27 игроков
  Среднее время игры: 11 мин
----------------------------------------
[2025-10-19 21:34:39] Карта: fy_brick
  Уникальных игроков: 32
  Всего подключений: 44
  Отключений: 21
  Средний онлайн: 24 игроков
  Среднее время игры: 9 мин
----------------------------------------
[2025-10-19 21:49:05] Карта: gg_dust_arena
  Уникальных игроков: 32
  Всего подключений: 51
  Отключений: 30
  Средний онлайн: 21 игроков
  Среднее время игры: 11 мин
----------------------------------------
[2025-10-19 21:58:31] Карта: gg_aztecplace
  Уникальных игроков: 25
  Всего подключений: 47
  Отключений: 23
  Средний онлайн: 21 игроков
  Среднее время игры: 8 мин
----------------------------------------
[2025-10-19 22:13:12] Карта: $3000$
  Уникальных игроков: 32
  Всего подключений: 73
  Отключений: 48
  Средний онлайн: 23 игроков
  Среднее время игры: 13 мин
----------------------------------------
[2025-10-19 22:24:01] Карта: awp_india2
  Уникальных игроков: 24
  Всего подключений: 35
  Отключений: 17
  Средний онлайн: 18 игроков
  Среднее время игры: 8 мин
----------------------------------------
[2025-10-19 22:37:49] Карта: gg_mini_dust2
  Уникальных игроков: 27
  Всего подключений: 48
  Отключений: 24
  Средний онлайн: 18 игроков
  Среднее время игры: 11 мин
----------------------------------------
[2025-10-19 22:49:48] Карта: fy_snow
  Уникальных игроков: 25
  Всего подключений: 37
  Отключений: 17
  Средний онлайн: 20 игроков
  Среднее время игры: 10 мин
----------------------------------------
[2025-10-19 23:05:25] Карта: $2000$
  Уникальных игроков: 27
  Всего подключений: 53
  Отключений: 31
  Средний онлайн: 17 игроков
  Среднее время игры: 11 мин
----------------------------------------
[2025-10-19 23:21:04] Карта: $3000$
  Уникальных игроков: 34
  Всего подключений: 82
  Отключений: 55
  Средний онлайн: 21 игроков
  Среднее время игры: 13 мин
----------------------------------------
[2025-10-19 23:34:06] Карта: awp_india
  Уникальных игроков: 33
  Всего подключений: 52
  Отключений: 23
  Средний онлайн: 24 игроков
  Среднее время игры: 12 мин
----------------------------------------
[2025-10-19 23:44:53] Карта: fy_snow
  Уникальных игроков: 30
  Всего подключений: 46
  Отключений: 19
  Средний онлайн: 23 игроков
  Среднее время игры: 9 мин
----------------------------------------
[2025-10-19 23:57:35] Карта: $3000$
  Уникальных игроков: 30
  Всего подключений: 56
  Отключений: 31
  Средний онлайн: 24 игроков
  Среднее время игры: 11 мин
----------------------------------------
